h:\src\ilvm\ue4lua\x64\debug\vc142.pdb
h:\src\ilvm\ue4lua\x64\debug\vc142.idb
h:\src\ilvm\ue4lua\x64\debug\main.obj
h:\src\ilvm\ue4lua\x64\debug\executorlua.obj
h:\src\ilvm\ue4lua\x64\debug\lopcodes.obj
h:\src\ilvm\ue4lua\x64\debug\lobject.obj
h:\src\ilvm\ue4lua\x64\debug\loadlib.obj
h:\src\ilvm\ue4lua\x64\debug\lmem.obj
h:\src\ilvm\ue4lua\x64\debug\lmathlib.obj
h:\src\ilvm\ue4lua\x64\debug\llex.obj
h:\src\ilvm\ue4lua\x64\debug\liolib.obj
h:\src\ilvm\ue4lua\x64\debug\linit.obj
h:\src\ilvm\ue4lua\x64\debug\lgc.obj
h:\src\ilvm\ue4lua\x64\debug\lfunc.obj
h:\src\ilvm\ue4lua\x64\debug\ldump.obj
h:\src\ilvm\ue4lua\x64\debug\ldo.obj
h:\src\ilvm\ue4lua\x64\debug\ldebug.obj
h:\src\ilvm\ue4lua\x64\debug\ldblib.obj
h:\src\ilvm\ue4lua\x64\debug\lctype.obj
h:\src\ilvm\ue4lua\x64\debug\lcorolib.obj
h:\src\ilvm\ue4lua\x64\debug\lcode.obj
h:\src\ilvm\ue4lua\x64\debug\lbaselib.obj
h:\src\ilvm\ue4lua\x64\debug\lauxlib.obj
h:\src\ilvm\ue4lua\x64\debug\lapi.obj
h:\src\ilvm\ue4lua\x64\debug\lzio.obj
h:\src\ilvm\ue4lua\x64\debug\lvm.obj
h:\src\ilvm\ue4lua\x64\debug\lutf8lib.obj
h:\src\ilvm\ue4lua\x64\debug\lundump.obj
h:\src\ilvm\ue4lua\x64\debug\luac.obj
h:\src\ilvm\ue4lua\x64\debug\lua.obj
h:\src\ilvm\ue4lua\x64\debug\ltm.obj
h:\src\ilvm\ue4lua\x64\debug\ltablib.obj
h:\src\ilvm\ue4lua\x64\debug\ltable.obj
h:\src\ilvm\ue4lua\x64\debug\lstrlib.obj
h:\src\ilvm\ue4lua\x64\debug\lstring.obj
h:\src\ilvm\ue4lua\x64\debug\lstate.obj
h:\src\ilvm\ue4lua\x64\debug\lparser.obj
h:\src\ilvm\ue4lua\x64\debug\loslib.obj
h:\src\ilvm\ue4lua\x64\debug\ue4lua.ilk
h:\src\ilvm\ue4lua\x64\debug\ue4lua.exe
h:\src\ilvm\ue4lua\x64\debug\ue4lua.pdb
h:\src\ilvm\\ue4lua\x64\debug\ue4lua.ilk
h:\src\ilvm\ue4lua\x64\debug\ue4lua.tlog\cl.command.1.tlog
h:\src\ilvm\ue4lua\x64\debug\ue4lua.tlog\cl.read.1.tlog
h:\src\ilvm\ue4lua\x64\debug\ue4lua.tlog\cl.write.1.tlog
h:\src\ilvm\ue4lua\x64\debug\ue4lua.tlog\link.command.1.tlog
h:\src\ilvm\ue4lua\x64\debug\ue4lua.tlog\link.read.1.tlog
h:\src\ilvm\ue4lua\x64\debug\ue4lua.tlog\link.write.1.tlog
