  ExecutorLua.cpp
  main.cpp
  Generating Code...
  lapi.c
  lauxlib.c
  lbaselib.c
  lcode.c
  lcorolib.c
  lctype.c
  ldblib.c
  ldebug.c
  ldo.c
  ldump.c
  lfunc.c
  lgc.c
  linit.c
  liolib.c
  llex.c
  lmathlib.c
  lmem.c
  loadlib.c
  lobject.c
  lopcodes.c
  Generating Code...
  Compiling...
  loslib.c
  lparser.c
  lstate.c
  lstring.c
  lstrlib.c
  ltable.c
  ltablib.c
  ltm.c
  lua.c
  luac.c
  lundump.c
  lutf8lib.c
  lvm.c
  lzio.c
  Generating Code...
  UE4Lua.vcxproj -> H:\src\ILVM\\UE4Lua\x64\Debug\UE4Lua.exe
